<?xml version="1.0" encoding="UTF-8"?>
<!-- Generated by org.testng.reporters.JUnitReportReporter -->
<testsuite hostname="Simil" failures="0" tests="1" name="package_github_integration.class_github_integration" time="72.914" errors="0" timestamp="2021-12-28T18:16:41 IST" skipped="0">
  <testcase classname="package_github_integration.class_github_integration" name="SeleniumTest" time="72.914"/>
  <system-out/>
</testsuite> <!-- package_github_integration.class_github_integration -->
